2025-06-08 03:33:54 WARN  com.zaxxer.hikari.pool.HikariPool - HikariPool-1 - Thread starvation or clock leap detected (housekeeper delta=3h54m4s843ms377µs300ns).
2025-06-08 12:48:42 WARN  com.zaxxer.hikari.pool.HikariPool - HikariPool-1 - Thread starvation or clock leap detected (housekeeper delta=9h14m58s504ms904µs100ns).
2025-06-08 12:48:42 INFO  c.n.d.s.r.aws.ConfigClusterResolver - Resolving eureka endpoints via configuration
2025-06-08 12:53:42 INFO  c.n.d.s.r.aws.ConfigClusterResolver - Resolving eureka endpoints via configuration
2025-06-08 12:58:42 INFO  c.n.d.s.r.aws.ConfigClusterResolver - Resolving eureka endpoints via configuration
2025-06-08 13:03:42 INFO  c.n.d.s.r.aws.ConfigClusterResolver - Resolving eureka endpoints via configuration
2025-06-08 13:08:42 INFO  c.n.d.s.r.aws.ConfigClusterResolver - Resolving eureka endpoints via configuration
2025-06-08 13:13:42 INFO  c.n.d.s.r.aws.ConfigClusterResolver - Resolving eureka endpoints via configuration
2025-06-08 13:14:16 INFO  o.s.c.n.e.s.EurekaServiceRegistry - Unregistering application USERSERVICE with eureka with status DOWN
2025-06-08 13:14:16 INFO  c.netflix.discovery.DiscoveryClient - Saw local status change event StatusChangeEvent [timestamp=1749368656508, current=DOWN, previous=UP]
2025-06-08 13:14:16 INFO  c.netflix.discovery.DiscoveryClient - DiscoveryClient_USERSERVICE/Aditya:UserService:8001: registering service...
2025-06-08 13:14:16 INFO  c.netflix.discovery.DiscoveryClient - DiscoveryClient_USERSERVICE/Aditya:UserService:8001 - registration status: 204
2025-06-08 13:14:16 INFO  o.s.b.w.e.tomcat.GracefulShutdown - Commencing graceful shutdown. Waiting for active requests to complete
2025-06-08 13:14:16 INFO  o.s.b.w.e.tomcat.GracefulShutdown - Graceful shutdown complete
2025-06-08 13:14:16 INFO  o.s.o.j.LocalContainerEntityManagerFactoryBean - Closing JPA EntityManagerFactory for persistence unit 'default'
2025-06-08 13:14:16 INFO  com.zaxxer.hikari.HikariDataSource - HikariPool-1 - Shutdown initiated...
2025-06-08 13:14:16 INFO  com.zaxxer.hikari.HikariDataSource - HikariPool-1 - Shutdown completed.
2025-06-08 13:14:16 INFO  c.netflix.discovery.DiscoveryClient - Shutting down DiscoveryClient ...
2025-06-08 13:14:19 INFO  c.netflix.discovery.DiscoveryClient - Unregistering ...
2025-06-08 13:14:19 INFO  c.netflix.discovery.DiscoveryClient - DiscoveryClient_USERSERVICE/Aditya:UserService:8001 - deregister  status: 200
2025-06-08 13:14:19 INFO  c.netflix.discovery.DiscoveryClient - Completed shut down of DiscoveryClient
2025-06-08 13:14:23 INFO  c.userservice.UserServiceApplication - Starting UserServiceApplication using Java 21.0.6 with PID 30396 (C:\Users\rajgu\OneDrive\Desktop\E-Shop-master\UserService\target\classes started by rajgu in C:\Users\rajgu\OneDrive\Desktop\E-Shop-master)
2025-06-08 13:14:23 INFO  c.userservice.UserServiceApplication - No active profile set, falling back to 1 default profile: "default"
2025-06-08 13:14:24 INFO  o.s.d.r.c.RepositoryConfigurationDelegate - Bootstrapping Spring Data JPA repositories in DEFAULT mode.
2025-06-08 13:14:24 INFO  o.s.d.r.c.RepositoryConfigurationDelegate - Finished Spring Data repository scanning in 175 ms. Found 2 JPA repository interfaces.
2025-06-08 13:14:25 INFO  o.s.cloud.context.scope.GenericScope - BeanFactory id=5a249ecd-0543-3fb7-b786-a1b5399002f7
2025-06-08 13:14:26 INFO  o.s.b.w.e.tomcat.TomcatWebServer - Tomcat initialized with port 8001 (http)
2025-06-08 13:14:26 INFO  o.a.coyote.http11.Http11NioProtocol - Initializing ProtocolHandler ["http-nio-8001"]
2025-06-08 13:14:26 INFO  o.a.catalina.core.StandardService - Starting service [Tomcat]
2025-06-08 13:14:26 INFO  o.a.catalina.core.StandardEngine - Starting Servlet engine: [Apache Tomcat/10.1.39]
2025-06-08 13:14:26 INFO  o.a.c.c.C.[Tomcat].[localhost].[/] - Initializing Spring embedded WebApplicationContext
2025-06-08 13:14:26 INFO  o.s.b.w.s.c.ServletWebServerApplicationContext - Root WebApplicationContext: initialization completed in 2388 ms
2025-06-08 13:14:26 INFO  o.h.jpa.internal.util.LogHelper - HHH000204: Processing PersistenceUnitInfo [name: default]
2025-06-08 13:14:26 INFO  org.hibernate.Version - HHH000412: Hibernate ORM core version 6.6.11.Final
2025-06-08 13:14:26 INFO  o.h.c.i.RegionFactoryInitiator - HHH000026: Second-level cache disabled
2025-06-08 13:14:27 INFO  o.s.o.j.p.SpringPersistenceUnitInfo - No LoadTimeWeaver setup: ignoring JPA class transformer
2025-06-08 13:14:27 INFO  com.zaxxer.hikari.HikariDataSource - HikariPool-1 - Starting...
2025-06-08 13:14:27 INFO  com.zaxxer.hikari.pool.HikariPool - HikariPool-1 - Added connection org.postgresql.jdbc.PgConnection@52bb3dcd
2025-06-08 13:14:27 INFO  com.zaxxer.hikari.HikariDataSource - HikariPool-1 - Start completed.
2025-06-08 13:14:27 WARN  org.hibernate.orm.deprecation - HHH90000025: PostgreSQLDialect does not need to be specified explicitly using 'hibernate.dialect' (remove the property setting and it will be selected by default)
2025-06-08 13:14:27 INFO  o.hibernate.orm.connections.pooling - HHH10001005: Database info:
	Database JDBC URL [Connecting through datasource 'HikariDataSource (HikariPool-1)']
	Database driver: undefined/unknown
	Database version: 17.4
	Autocommit mode: undefined/unknown
	Isolation level: undefined/unknown
	Minimum pool size: undefined/unknown
	Maximum pool size: undefined/unknown
2025-06-08 13:14:28 INFO  o.h.e.t.j.p.i.JtaPlatformInitiator - HHH000489: No JTA platform available (set 'hibernate.transaction.jta.platform' to enable JTA platform integration)
2025-06-08 13:14:28 INFO  o.s.o.j.LocalContainerEntityManagerFactoryBean - Initialized JPA EntityManagerFactory for persistence unit 'default'
2025-06-08 13:14:28 WARN  o.s.b.a.o.j.JpaBaseConfiguration$JpaWebConfiguration - spring.jpa.open-in-view is enabled by default. Therefore, database queries may be performed during view rendering. Explicitly configure spring.jpa.open-in-view to disable this warning
2025-06-08 13:14:28 INFO  o.s.s.c.a.a.c.InitializeAuthenticationProviderBeanManagerConfigurer$InitializeAuthenticationProviderManagerConfigurer - Global AuthenticationManager configured with AuthenticationProvider bean with name authenticationProvider
2025-06-08 13:14:28 WARN  o.s.s.c.a.a.c.InitializeUserDetailsBeanManagerConfigurer$InitializeUserDetailsManagerConfigurer - Global AuthenticationManager configured with an AuthenticationProvider bean. UserDetailsService beans will not be used by Spring Security for automatically configuring username/password login. Consider removing the AuthenticationProvider bean. Alternatively, consider using the UserDetailsService in a manually instantiated DaoAuthenticationProvider. If the current configuration is intentional, to turn off this warning, increase the logging level of 'org.springframework.security.config.annotation.authentication.configuration.InitializeUserDetailsBeanManagerConfigurer' to ERROR
2025-06-08 13:14:29 INFO  o.s.c.o.FeignClientFactoryBean - For 'NOTIFICATIONSERVICE' URL not provided. Will try picking an instance via load-balancing.
2025-06-08 13:14:29 INFO  o.s.c.o.FeignClientFactoryBean - For 'ORDERSERVICE' URL not provided. Will try picking an instance via load-balancing.
2025-06-08 13:14:29 INFO  o.s.c.o.FeignClientFactoryBean - For 'CARTSERVICE' URL not provided. Will try picking an instance via load-balancing.
2025-06-08 13:14:29 INFO  o.s.v.b.OptionalValidatorFactoryBean - Failed to set up a Bean Validation provider: jakarta.validation.NoProviderFoundException: Unable to create a Configuration, because no Jakarta Bean Validation provider could be found. Add a provider like Hibernate Validator (RI) to your classpath.
2025-06-08 13:14:30 INFO  o.s.c.n.e.c.DiscoveryClientOptionalArgsConfiguration - Eureka HTTP Client uses RestTemplate.
2025-06-08 13:14:30 WARN  o.s.c.l.c.LoadBalancerCacheAutoConfiguration$LoadBalancerCaffeineWarnLogger - Spring Cloud LoadBalancer is currently working with the default cache. While this cache implementation is useful for development and tests, it's recommended to use Caffeine cache in production.You can switch to using Caffeine cache, by adding it and org.springframework.cache.caffeine.CaffeineCacheManager to the classpath.
2025-06-08 13:14:30 INFO  o.s.c.n.eureka.InstanceInfoFactory - Setting initial instance status as: STARTING
2025-06-08 13:14:30 INFO  c.netflix.discovery.DiscoveryClient - Initializing Eureka in region us-east-1
2025-06-08 13:14:30 INFO  c.n.d.s.r.aws.ConfigClusterResolver - Resolving eureka endpoints via configuration
2025-06-08 13:14:30 INFO  c.netflix.discovery.DiscoveryClient - Disable delta property : false
2025-06-08 13:14:30 INFO  c.netflix.discovery.DiscoveryClient - Single vip registry refresh property : null
2025-06-08 13:14:30 INFO  c.netflix.discovery.DiscoveryClient - Force full registry fetch : false
2025-06-08 13:14:30 INFO  c.netflix.discovery.DiscoveryClient - Application is null : false
2025-06-08 13:14:30 INFO  c.netflix.discovery.DiscoveryClient - Registered Applications size is zero : true
2025-06-08 13:14:30 INFO  c.netflix.discovery.DiscoveryClient - Application version is -1: true
2025-06-08 13:14:30 INFO  c.netflix.discovery.DiscoveryClient - Getting all instance registry info from the eureka server
2025-06-08 13:14:30 INFO  c.netflix.discovery.DiscoveryClient - The response status is 200
2025-06-08 13:14:30 INFO  c.netflix.discovery.DiscoveryClient - Starting heartbeat executor: renew interval is: 30
2025-06-08 13:14:30 INFO  c.n.discovery.InstanceInfoReplicator - InstanceInfoReplicator onDemand update allowed rate per min is 4
2025-06-08 13:14:30 INFO  c.netflix.discovery.DiscoveryClient - Discovery Client initialized at timestamp 1749368670651 with initial instances count: 7
2025-06-08 13:14:30 INFO  o.s.c.n.e.s.EurekaServiceRegistry - Registering application USERSERVICE with eureka with status UP
2025-06-08 13:14:30 INFO  c.netflix.discovery.DiscoveryClient - Saw local status change event StatusChangeEvent [timestamp=1749368670658, current=UP, previous=STARTING]
2025-06-08 13:14:30 INFO  o.a.coyote.http11.Http11NioProtocol - Starting ProtocolHandler ["http-nio-8001"]
2025-06-08 13:14:30 INFO  c.netflix.discovery.DiscoveryClient - DiscoveryClient_USERSERVICE/Aditya:UserService:8001: registering service...
2025-06-08 13:14:30 INFO  o.s.b.w.e.tomcat.TomcatWebServer - Tomcat started on port 8001 (http) with context path '/'
2025-06-08 13:14:30 INFO  o.s.c.n.e.s.EurekaAutoServiceRegistration - Updating port to 8001
2025-06-08 13:14:30 INFO  c.userservice.UserServiceApplication - Started UserServiceApplication in 7.813 seconds (process running for 8.649)
2025-06-08 13:14:30 INFO  c.netflix.discovery.DiscoveryClient - DiscoveryClient_USERSERVICE/Aditya:UserService:8001 - registration status: 204
2025-06-08 13:19:30 INFO  c.n.d.s.r.aws.ConfigClusterResolver - Resolving eureka endpoints via configuration
2025-06-08 13:24:30 INFO  c.n.d.s.r.aws.ConfigClusterResolver - Resolving eureka endpoints via configuration
2025-06-08 13:33:02 WARN  com.zaxxer.hikari.pool.HikariPool - HikariPool-1 - Thread starvation or clock leap detected (housekeeper delta=7m35s378ms672µs100ns).
2025-06-08 13:36:35 INFO  c.n.d.s.r.aws.ConfigClusterResolver - Resolving eureka endpoints via configuration
2025-06-08 13:41:35 INFO  c.n.d.s.r.aws.ConfigClusterResolver - Resolving eureka endpoints via configuration
2025-06-08 13:46:35 INFO  c.n.d.s.r.aws.ConfigClusterResolver - Resolving eureka endpoints via configuration
2025-06-08 13:51:35 INFO  c.n.d.s.r.aws.ConfigClusterResolver - Resolving eureka endpoints via configuration
2025-06-08 13:56:37 INFO  c.n.d.s.r.aws.ConfigClusterResolver - Resolving eureka endpoints via configuration
2025-06-08 16:42:23 WARN  com.zaxxer.hikari.pool.HikariPool - HikariPool-1 - Thread starvation or clock leap detected (housekeeper delta=2h45m19s69ms914µs600ns).
2025-06-08 16:46:26 INFO  c.n.d.s.r.aws.ConfigClusterResolver - Resolving eureka endpoints via configuration
2025-06-08 16:51:26 INFO  c.n.d.s.r.aws.ConfigClusterResolver - Resolving eureka endpoints via configuration
2025-06-08 16:56:26 INFO  c.n.d.s.r.aws.ConfigClusterResolver - Resolving eureka endpoints via configuration
2025-06-08 17:01:26 INFO  c.n.d.s.r.aws.ConfigClusterResolver - Resolving eureka endpoints via configuration
2025-06-08 17:06:26 INFO  c.n.d.s.r.aws.ConfigClusterResolver - Resolving eureka endpoints via configuration
2025-06-08 17:11:26 INFO  c.n.d.s.r.aws.ConfigClusterResolver - Resolving eureka endpoints via configuration
2025-06-08 17:16:26 INFO  c.n.d.s.r.aws.ConfigClusterResolver - Resolving eureka endpoints via configuration
2025-06-08 17:21:26 INFO  c.n.d.s.r.aws.ConfigClusterResolver - Resolving eureka endpoints via configuration
2025-06-08 17:26:26 INFO  c.n.d.s.r.aws.ConfigClusterResolver - Resolving eureka endpoints via configuration
2025-06-08 17:31:26 INFO  c.n.d.s.r.aws.ConfigClusterResolver - Resolving eureka endpoints via configuration
2025-06-08 17:36:26 INFO  c.n.d.s.r.aws.ConfigClusterResolver - Resolving eureka endpoints via configuration
2025-06-08 17:41:26 INFO  c.n.d.s.r.aws.ConfigClusterResolver - Resolving eureka endpoints via configuration
2025-06-08 17:46:26 INFO  c.n.d.s.r.aws.ConfigClusterResolver - Resolving eureka endpoints via configuration
2025-06-08 17:51:26 INFO  c.n.d.s.r.aws.ConfigClusterResolver - Resolving eureka endpoints via configuration
2025-06-08 17:56:26 INFO  c.n.d.s.r.aws.ConfigClusterResolver - Resolving eureka endpoints via configuration
2025-06-08 18:01:26 INFO  c.n.d.s.r.aws.ConfigClusterResolver - Resolving eureka endpoints via configuration
2025-06-08 18:06:26 INFO  c.n.d.s.r.aws.ConfigClusterResolver - Resolving eureka endpoints via configuration
2025-06-08 18:11:26 INFO  c.n.d.s.r.aws.ConfigClusterResolver - Resolving eureka endpoints via configuration
2025-06-08 18:16:26 INFO  c.n.d.s.r.aws.ConfigClusterResolver - Resolving eureka endpoints via configuration
2025-06-08 18:21:26 INFO  c.n.d.s.r.aws.ConfigClusterResolver - Resolving eureka endpoints via configuration
2025-06-08 18:26:26 INFO  c.n.d.s.r.aws.ConfigClusterResolver - Resolving eureka endpoints via configuration
2025-06-08 18:31:26 INFO  c.n.d.s.r.aws.ConfigClusterResolver - Resolving eureka endpoints via configuration
2025-06-08 18:36:26 INFO  c.n.d.s.r.aws.ConfigClusterResolver - Resolving eureka endpoints via configuration
2025-06-08 18:41:26 INFO  c.n.d.s.r.aws.ConfigClusterResolver - Resolving eureka endpoints via configuration
2025-06-08 18:46:26 INFO  c.n.d.s.r.aws.ConfigClusterResolver - Resolving eureka endpoints via configuration
2025-06-08 18:51:26 INFO  c.n.d.s.r.aws.ConfigClusterResolver - Resolving eureka endpoints via configuration
2025-06-08 18:56:26 INFO  c.n.d.s.r.aws.ConfigClusterResolver - Resolving eureka endpoints via configuration
2025-06-08 19:01:26 INFO  c.n.d.s.r.aws.ConfigClusterResolver - Resolving eureka endpoints via configuration
2025-06-08 19:06:26 INFO  c.n.d.s.r.aws.ConfigClusterResolver - Resolving eureka endpoints via configuration
2025-06-08 19:11:26 INFO  c.n.d.s.r.aws.ConfigClusterResolver - Resolving eureka endpoints via configuration
2025-06-08 19:16:26 INFO  c.n.d.s.r.aws.ConfigClusterResolver - Resolving eureka endpoints via configuration
2025-06-08 19:21:26 INFO  c.n.d.s.r.aws.ConfigClusterResolver - Resolving eureka endpoints via configuration
2025-06-08 19:26:26 INFO  c.n.d.s.r.aws.ConfigClusterResolver - Resolving eureka endpoints via configuration
2025-06-08 19:26:56 INFO  o.a.c.c.C.[Tomcat].[localhost].[/] - Initializing Spring DispatcherServlet 'dispatcherServlet'
2025-06-08 19:26:56 INFO  o.s.web.servlet.DispatcherServlet - Initializing Servlet 'dispatcherServlet'
2025-06-08 19:26:56 INFO  o.s.web.servlet.DispatcherServlet - Completed initialization in 62 ms
2025-06-08 19:26:56 WARN  o.a.c.util.SessionIdGeneratorBase - Creation of SecureRandom instance for session ID generation using [SHA1PRNG] took [167] milliseconds.
2025-06-08 19:31:26 INFO  c.n.d.s.r.aws.ConfigClusterResolver - Resolving eureka endpoints via configuration
2025-06-08 19:36:26 INFO  c.n.d.s.r.aws.ConfigClusterResolver - Resolving eureka endpoints via configuration
2025-06-08 19:41:26 INFO  c.n.d.s.r.aws.ConfigClusterResolver - Resolving eureka endpoints via configuration
2025-06-08 19:46:26 INFO  c.n.d.s.r.aws.ConfigClusterResolver - Resolving eureka endpoints via configuration
2025-06-08 20:53:37 WARN  com.zaxxer.hikari.pool.HikariPool - HikariPool-1 - Thread starvation or clock leap detected (housekeeper delta=1h6m40s694ms404µs600ns).
2025-06-08 20:57:37 INFO  c.n.d.s.r.aws.ConfigClusterResolver - Resolving eureka endpoints via configuration
2025-06-08 21:02:37 INFO  c.n.d.s.r.aws.ConfigClusterResolver - Resolving eureka endpoints via configuration
2025-06-08 21:07:37 INFO  c.n.d.s.r.aws.ConfigClusterResolver - Resolving eureka endpoints via configuration
2025-06-08 21:12:37 INFO  c.n.d.s.r.aws.ConfigClusterResolver - Resolving eureka endpoints via configuration
2025-06-08 21:40:56 WARN  com.zaxxer.hikari.pool.HikariPool - HikariPool-1 - Thread starvation or clock leap detected (housekeeper delta=26m18s394ms263µs800ns).
2025-06-08 21:43:25 INFO  c.n.d.s.r.aws.ConfigClusterResolver - Resolving eureka endpoints via configuration
2025-06-08 21:48:25 INFO  c.n.d.s.r.aws.ConfigClusterResolver - Resolving eureka endpoints via configuration
